This file contains any messages produced by compilers while
running configure, to aid debugging if configure makes a mistake.

It was created by xsgs configure 7.0, which was
generated by GNU Autoconf 2.68.  Invocation command line was

  $ ./configure --enable-optimized

## --------- ##
## Platform. ##
## --------- ##

hostname = office
uname -m = i686
uname -r = 3.5.0-41-generic
uname -s = Linux
uname -v = #64~precise1-Ubuntu SMP Thu Sep 12 17:01:55 UTC 2013

/usr/bin/uname -p = unknown
/bin/uname -X     = unknown

/bin/arch              = unknown
/usr/bin/arch -k       = unknown
/usr/convex/getsysinfo = unknown
/usr/bin/hostinfo      = unknown
/bin/machine           = unknown
/usr/bin/oslevel       = unknown
/bin/universe          = unknown

PATH: /home/lit/bin
PATH: /usr/lib/lightdm/lightdm
PATH: /usr/local/sbin
PATH: /usr/local/bin
PATH: /usr/sbin
PATH: /usr/bin
PATH: /sbin
PATH: /bin
PATH: /usr/games


## ----------- ##
## Core tests. ##
## ----------- ##

configure:2454: checking for g++
configure:2470: found /usr/bin/g++
configure:2481: result: g++
configure:2508: checking for C++ compiler version
configure:2517: g++ --version >&5
g++ (Ubuntu/Linaro 4.6.3-1ubuntu5) 4.6.3
Copyright (C) 2011 Free Software Foundation, Inc.
This is free software; see the source for copying conditions.  There is NO
warranty; not even for MERCHANTABILITY or FITNESS FOR A PARTICULAR PURPOSE.

configure:2528: $? = 0
configure:2517: g++ -v >&5
Using built-in specs.
COLLECT_GCC=g++
COLLECT_LTO_WRAPPER=/usr/lib/gcc/i686-linux-gnu/4.6/lto-wrapper
Target: i686-linux-gnu
Configured with: ../src/configure -v --with-pkgversion='Ubuntu/Linaro 4.6.3-1ubuntu5' --with-bugurl=file:///usr/share/doc/gcc-4.6/README.Bugs --enable-languages=c,c++,fortran,objc,obj-c++ --prefix=/usr --program-suffix=-4.6 --enable-shared --enable-linker-build-id --with-system-zlib --libexecdir=/usr/lib --without-included-gettext --enable-threads=posix --with-gxx-include-dir=/usr/include/c++/4.6 --libdir=/usr/lib --enable-nls --with-sysroot=/ --enable-clocale=gnu --enable-libstdcxx-debug --enable-libstdcxx-time=yes --enable-gnu-unique-object --enable-plugin --enable-objc-gc --enable-targets=all --disable-werror --with-arch-32=i686 --with-tune=generic --enable-checking=release --build=i686-linux-gnu --host=i686-linux-gnu --target=i686-linux-gnu
Thread model: posix
gcc version 4.6.3 (Ubuntu/Linaro 4.6.3-1ubuntu5) 
configure:2528: $? = 0
configure:2517: g++ -V >&5
g++: error: unrecognized option '-V'
g++: fatal error: no input files
compilation terminated.
configure:2528: $? = 4
configure:2517: g++ -qversion >&5
g++: error: unrecognized option '-qversion'
g++: fatal error: no input files
compilation terminated.
configure:2528: $? = 4
configure:2548: checking whether the C++ compiler works
configure:2570: g++    conftest.cpp  >&5
configure:2574: $? = 0
configure:2622: result: yes
configure:2625: checking for C++ compiler default output file name
configure:2627: result: a.out
configure:2633: checking for suffix of executables
configure:2640: g++ -o conftest    conftest.cpp  >&5
configure:2644: $? = 0
configure:2666: result: 
configure:2688: checking whether we are cross compiling
configure:2696: g++ -o conftest    conftest.cpp  >&5
configure:2700: $? = 0
configure:2707: ./conftest
configure:2711: $? = 0
configure:2726: result: no
configure:2731: checking for suffix of object files
configure:2753: g++ -c   conftest.cpp >&5
configure:2757: $? = 0
configure:2778: result: o
configure:2782: checking whether we are using the GNU C++ compiler
configure:2801: g++ -c   conftest.cpp >&5
configure:2801: $? = 0
configure:2810: result: yes
configure:2819: checking whether g++ accepts -g
configure:2839: g++ -c -g  conftest.cpp >&5
configure:2839: $? = 0
configure:2880: result: yes
configure:2907: checking for gawk
configure:2937: result: no
configure:2907: checking for mawk
configure:2923: found /usr/bin/mawk
configure:2934: result: mawk
configure:2993: checking for gcc
configure:3009: found /usr/bin/gcc
configure:3020: result: gcc
configure:3249: checking for C compiler version
configure:3258: gcc --version >&5
gcc (Ubuntu/Linaro 4.6.3-1ubuntu5) 4.6.3
Copyright (C) 2011 Free Software Foundation, Inc.
This is free software; see the source for copying conditions.  There is NO
warranty; not even for MERCHANTABILITY or FITNESS FOR A PARTICULAR PURPOSE.

configure:3269: $? = 0
configure:3258: gcc -v >&5
Using built-in specs.
COLLECT_GCC=gcc
COLLECT_LTO_WRAPPER=/usr/lib/gcc/i686-linux-gnu/4.6/lto-wrapper
Target: i686-linux-gnu
Configured with: ../src/configure -v --with-pkgversion='Ubuntu/Linaro 4.6.3-1ubuntu5' --with-bugurl=file:///usr/share/doc/gcc-4.6/README.Bugs --enable-languages=c,c++,fortran,objc,obj-c++ --prefix=/usr --program-suffix=-4.6 --enable-shared --enable-linker-build-id --with-system-zlib --libexecdir=/usr/lib --without-included-gettext --enable-threads=posix --with-gxx-include-dir=/usr/include/c++/4.6 --libdir=/usr/lib --enable-nls --with-sysroot=/ --enable-clocale=gnu --enable-libstdcxx-debug --enable-libstdcxx-time=yes --enable-gnu-unique-object --enable-plugin --enable-objc-gc --enable-targets=all --disable-werror --with-arch-32=i686 --with-tune=generic --enable-checking=release --build=i686-linux-gnu --host=i686-linux-gnu --target=i686-linux-gnu
Thread model: posix
gcc version 4.6.3 (Ubuntu/Linaro 4.6.3-1ubuntu5) 
configure:3269: $? = 0
configure:3258: gcc -V >&5
gcc: error: unrecognized option '-V'
gcc: fatal error: no input files
compilation terminated.
configure:3269: $? = 4
configure:3258: gcc -qversion >&5
gcc: error: unrecognized option '-qversion'
gcc: fatal error: no input files
compilation terminated.
configure:3269: $? = 4
configure:3273: checking whether we are using the GNU C compiler
configure:3292: gcc -c   conftest.c >&5
configure:3292: $? = 0
configure:3301: result: yes
configure:3310: checking whether gcc accepts -g
configure:3330: gcc -c -g  conftest.c >&5
configure:3330: $? = 0
configure:3371: result: yes
configure:3388: checking for gcc option to accept ISO C89
configure:3452: gcc  -c -g -O2  conftest.c >&5
configure:3452: $? = 0
configure:3465: result: none needed
configure:3490: checking how to run the C preprocessor
configure:3521: gcc -E  conftest.c
configure:3521: $? = 0
configure:3535: gcc -E  conftest.c
conftest.c:9:28: fatal error: ac_nonexistent.h: No such file or directory
compilation terminated.
configure:3535: $? = 1
configure: failed program was:
| /* confdefs.h */
| #define PACKAGE_NAME "xsgs"
| #define PACKAGE_TARNAME "xsgs"
| #define PACKAGE_VERSION "7.0"
| #define PACKAGE_STRING "xsgs 7.0"
| #define PACKAGE_BUGREPORT "martin.goll@rub.de"
| #define PACKAGE_URL ""
| /* end confdefs.h.  */
| #include <ac_nonexistent.h>
configure:3560: result: gcc -E
configure:3580: gcc -E  conftest.c
configure:3580: $? = 0
configure:3594: gcc -E  conftest.c
conftest.c:9:28: fatal error: ac_nonexistent.h: No such file or directory
compilation terminated.
configure:3594: $? = 1
configure: failed program was:
| /* confdefs.h */
| #define PACKAGE_NAME "xsgs"
| #define PACKAGE_TARNAME "xsgs"
| #define PACKAGE_VERSION "7.0"
| #define PACKAGE_STRING "xsgs 7.0"
| #define PACKAGE_BUGREPORT "martin.goll@rub.de"
| #define PACKAGE_URL ""
| /* end confdefs.h.  */
| #include <ac_nonexistent.h>
configure:3665: checking for a BSD-compatible install
configure:3733: result: /usr/bin/install -c
configure:3744: checking whether ln -s works
configure:3748: result: yes
configure:3755: checking whether make sets $(MAKE)
configure:3777: result: yes
configure:3807: checking for style of include used by make
configure:3835: result: GNU
configure:3867: checking dependency style of gcc
configure:3976: result: gcc3
configure:3996: checking build system type
configure:4010: result: i686-pc-linux-gnu
configure:4030: checking host system type
configure:4043: result: i686-pc-linux-gnu
configure:4158: checking for grep that handles long lines and -e
configure:4216: result: /bin/grep
configure:4221: checking for egrep
configure:4283: result: /bin/grep -E
configure:4288: checking for ANSI C header files
configure:4308: gcc -c -g -O2  conftest.c >&5
configure:4308: $? = 0
configure:4381: gcc -o conftest -g -O2   conftest.c  >&5
configure:4381: $? = 0
configure:4381: ./conftest
configure:4381: $? = 0
configure:4392: result: yes
configure:4405: checking for sys/types.h
configure:4405: gcc -c -g -O2  conftest.c >&5
configure:4405: $? = 0
configure:4405: result: yes
configure:4405: checking for sys/stat.h
configure:4405: gcc -c -g -O2  conftest.c >&5
configure:4405: $? = 0
configure:4405: result: yes
configure:4405: checking for stdlib.h
configure:4405: gcc -c -g -O2  conftest.c >&5
configure:4405: $? = 0
configure:4405: result: yes
configure:4405: checking for string.h
configure:4405: gcc -c -g -O2  conftest.c >&5
configure:4405: $? = 0
configure:4405: result: yes
configure:4405: checking for memory.h
configure:4405: gcc -c -g -O2  conftest.c >&5
configure:4405: $? = 0
configure:4405: result: yes
configure:4405: checking for strings.h
configure:4405: gcc -c -g -O2  conftest.c >&5
configure:4405: $? = 0
configure:4405: result: yes
configure:4405: checking for inttypes.h
configure:4405: gcc -c -g -O2  conftest.c >&5
configure:4405: $? = 0
configure:4405: result: yes
configure:4405: checking for stdint.h
configure:4405: gcc -c -g -O2  conftest.c >&5
configure:4405: $? = 0
configure:4405: result: yes
configure:4405: checking for unistd.h
configure:4405: gcc -c -g -O2  conftest.c >&5
configure:4405: $? = 0
configure:4405: result: yes
configure:4417: checking gmp.h usability
configure:4417: gcc -c -g -O2  conftest.c >&5
configure:4417: $? = 0
configure:4417: result: yes
configure:4417: checking gmp.h presence
configure:4417: gcc -E  conftest.c
configure:4417: $? = 0
configure:4417: result: yes
configure:4417: checking for gmp.h
configure:4417: result: yes
configure:4431: checking pbc/pbc.h usability
configure:4431: gcc -c -g -O2  conftest.c >&5
configure:4431: $? = 0
configure:4431: result: yes
configure:4431: checking pbc/pbc.h presence
configure:4431: gcc -E  conftest.c
configure:4431: $? = 0
configure:4431: result: yes
configure:4431: checking for pbc/pbc.h
configure:4431: result: yes
configure:4445: checking openssl/rsa.h usability
configure:4445: gcc -c -g -O2  conftest.c >&5
configure:4445: $? = 0
configure:4445: result: yes
configure:4445: checking openssl/rsa.h presence
configure:4445: gcc -E  conftest.c
configure:4445: $? = 0
configure:4445: result: yes
configure:4445: checking for openssl/rsa.h
configure:4445: result: yes
configure:4462: checking for __gmpz_init in -lgmp
configure:4487: gcc -o conftest -g -O2   conftest.c -lgmp   >&5
configure:4487: $? = 0
configure:4496: result: yes
configure:4515: checking for pbc_info in -lpbc
configure:4540: gcc -o conftest -g -O2   conftest.c -lpbc  -lgmp  >&5
configure:4540: $? = 0
configure:4549: result: yes
configure:4568: checking for OPENSSL_init in -lcrypto
configure:4593: gcc -o conftest -g -O2   conftest.c -lcrypto  -lpbc -lgmp  >&5
configure:4593: $? = 0
configure:4602: result: yes
configure:4626: checking for size_t
configure:4626: gcc -c -g -O2  conftest.c >&5
configure:4626: $? = 0
configure:4626: gcc -c -g -O2  conftest.c >&5
conftest.c: In function 'main':
conftest.c:58:21: error: expected expression before ')' token
configure:4626: $? = 1
configure: failed program was:
| /* confdefs.h */
| #define PACKAGE_NAME "xsgs"
| #define PACKAGE_TARNAME "xsgs"
| #define PACKAGE_VERSION "7.0"
| #define PACKAGE_STRING "xsgs 7.0"
| #define PACKAGE_BUGREPORT "martin.goll@rub.de"
| #define PACKAGE_URL ""
| #define STDC_HEADERS 1
| #define HAVE_SYS_TYPES_H 1
| #define HAVE_SYS_STAT_H 1
| #define HAVE_STDLIB_H 1
| #define HAVE_STRING_H 1
| #define HAVE_MEMORY_H 1
| #define HAVE_STRINGS_H 1
| #define HAVE_INTTYPES_H 1
| #define HAVE_STDINT_H 1
| #define HAVE_UNISTD_H 1
| #define HAVE_LIBGMP 1
| #define HAVE_LIBPBC 1
| #define HAVE_LIBCRYPTO 1
| /* end confdefs.h.  */
| #include <stdio.h>
| #ifdef HAVE_SYS_TYPES_H
| # include <sys/types.h>
| #endif
| #ifdef HAVE_SYS_STAT_H
| # include <sys/stat.h>
| #endif
| #ifdef STDC_HEADERS
| # include <stdlib.h>
| # include <stddef.h>
| #else
| # ifdef HAVE_STDLIB_H
| #  include <stdlib.h>
| # endif
| #endif
| #ifdef HAVE_STRING_H
| # if !defined STDC_HEADERS && defined HAVE_MEMORY_H
| #  include <memory.h>
| # endif
| # include <string.h>
| #endif
| #ifdef HAVE_STRINGS_H
| # include <strings.h>
| #endif
| #ifdef HAVE_INTTYPES_H
| # include <inttypes.h>
| #endif
| #ifdef HAVE_STDINT_H
| # include <stdint.h>
| #endif
| #ifdef HAVE_UNISTD_H
| # include <unistd.h>
| #endif
| int
| main ()
| {
| if (sizeof ((size_t)))
| 	    return 0;
|   ;
|   return 0;
| }
configure:4626: result: yes
configure:4684: checking for gethostbyname
configure:4684: gcc -o conftest -Wall -Wextra -Wfloat-equal -Wpointer-arith -Wcast-align -Wstrict-prototypes -Wredundant-decls -Wendif-labels -Wshadow -pipe -ffast-math -std=gnu99 -fomit-frame-pointer -O3   conftest.c -lcrypto -lpbc -lgmp  >&5
conftest.c:45:1: warning: function declaration isn't a prototype [-Wstrict-prototypes]
conftest.c:54:1: warning: function declaration isn't a prototype [-Wstrict-prototypes]
configure:4684: $? = 0
configure:4684: result: yes
configure:4684: checking for memset
configure:4684: gcc -o conftest -Wall -Wextra -Wfloat-equal -Wpointer-arith -Wcast-align -Wstrict-prototypes -Wredundant-decls -Wendif-labels -Wshadow -pipe -ffast-math -std=gnu99 -fomit-frame-pointer -O3   conftest.c -lcrypto -lpbc -lgmp  >&5
conftest.c:46:1: warning: function declaration isn't a prototype [-Wstrict-prototypes]
conftest.c:46:6: warning: conflicting types for built-in function 'memset' [enabled by default]
conftest.c:55:1: warning: function declaration isn't a prototype [-Wstrict-prototypes]
configure:4684: $? = 0
configure:4684: result: yes
configure:4684: checking for socket
configure:4684: gcc -o conftest -Wall -Wextra -Wfloat-equal -Wpointer-arith -Wcast-align -Wstrict-prototypes -Wredundant-decls -Wendif-labels -Wshadow -pipe -ffast-math -std=gnu99 -fomit-frame-pointer -O3   conftest.c -lcrypto -lpbc -lgmp  >&5
conftest.c:47:1: warning: function declaration isn't a prototype [-Wstrict-prototypes]
conftest.c:56:1: warning: function declaration isn't a prototype [-Wstrict-prototypes]
configure:4684: $? = 0
configure:4684: result: yes
configure:4684: checking for strerror
configure:4684: gcc -o conftest -Wall -Wextra -Wfloat-equal -Wpointer-arith -Wcast-align -Wstrict-prototypes -Wredundant-decls -Wendif-labels -Wshadow -pipe -ffast-math -std=gnu99 -fomit-frame-pointer -O3   conftest.c -lcrypto -lpbc -lgmp  >&5
conftest.c:48:1: warning: function declaration isn't a prototype [-Wstrict-prototypes]
conftest.c:57:1: warning: function declaration isn't a prototype [-Wstrict-prototypes]
configure:4684: $? = 0
configure:4684: result: yes
configure:4684: checking for malloc
configure:4684: gcc -o conftest -Wall -Wextra -Wfloat-equal -Wpointer-arith -Wcast-align -Wstrict-prototypes -Wredundant-decls -Wendif-labels -Wshadow -pipe -ffast-math -std=gnu99 -fomit-frame-pointer -O3   conftest.c -lcrypto -lpbc -lgmp  >&5
conftest.c:49:1: warning: function declaration isn't a prototype [-Wstrict-prototypes]
conftest.c:49:6: warning: conflicting types for built-in function 'malloc' [enabled by default]
conftest.c:58:1: warning: function declaration isn't a prototype [-Wstrict-prototypes]
configure:4684: $? = 0
configure:4684: result: yes
configure:4694: checking target system type
configure:4707: result: i686-pc-linux-gnu
configure:4736: checking whether build environment is sane
configure:4786: result: yes
configure:4927: checking for a thread-safe mkdir -p
configure:4966: result: /bin/mkdir -p
configure:5038: checking dependency style of gcc
configure:5149: result: gcc3
configure:5166: checking dependency style of g++
configure:5277: result: gcc3
configure:5295: checking whether gcc and cc understand -c and -o together
configure:5326: gcc -c conftest.c -o conftest2.o >&5
configure:5330: $? = 0
configure:5336: gcc -c conftest.c -o conftest2.o >&5
configure:5340: $? = 0
configure:5351: cc -c conftest.c >&5
configure:5355: $? = 0
configure:5363: cc -c conftest.c -o conftest2.o >&5
configure:5367: $? = 0
configure:5373: cc -c conftest.c -o conftest2.o >&5
configure:5377: $? = 0
configure:5395: result: yes
configure:5467: checking how to print strings
configure:5494: result: printf
configure:5515: checking for a sed that does not truncate output
configure:5579: result: /bin/sed
configure:5597: checking for fgrep
configure:5659: result: /bin/grep -F
configure:5694: checking for ld used by gcc
configure:5761: result: /usr/bin/ld
configure:5768: checking if the linker (/usr/bin/ld) is GNU ld
configure:5783: result: yes
configure:5795: checking for BSD- or MS-compatible name lister (nm)
configure:5844: result: /usr/bin/nm -B
configure:5974: checking the name lister (/usr/bin/nm -B) interface
configure:5981: gcc -c -Wall -Wextra -Wfloat-equal -Wpointer-arith -Wcast-align -Wstrict-prototypes -Wredundant-decls -Wendif-labels -Wshadow -pipe -ffast-math -std=gnu99 -fomit-frame-pointer -O3  conftest.c >&5
configure:5984: /usr/bin/nm -B "conftest.o"
configure:5987: output
00000000 B some_variable
configure:5994: result: BSD nm
configure:5998: checking the maximum length of command line arguments
configure:6128: result: 1572864
configure:6145: checking whether the shell understands some XSI constructs
configure:6155: result: yes
configure:6159: checking whether the shell understands "+="
configure:6165: result: yes
configure:6200: checking how to convert i686-pc-linux-gnu file names to i686-pc-linux-gnu format
configure:6240: result: func_convert_file_noop
configure:6247: checking how to convert i686-pc-linux-gnu file names to toolchain format
configure:6267: result: func_convert_file_noop
configure:6274: checking for /usr/bin/ld option to reload object files
configure:6281: result: -r
configure:6355: checking for objdump
configure:6371: found /usr/bin/objdump
configure:6382: result: objdump
configure:6414: checking how to recognize dependent libraries
configure:6616: result: pass_all
configure:6701: checking for dlltool
configure:6731: result: no
configure:6761: checking how to associate runtime and link libraries
configure:6788: result: printf %s\n
configure:6848: checking for ar
configure:6864: found /usr/bin/ar
configure:6875: result: ar
configure:6912: checking for archiver @FILE support
configure:6929: gcc -c -Wall -Wextra -Wfloat-equal -Wpointer-arith -Wcast-align -Wstrict-prototypes -Wredundant-decls -Wendif-labels -Wshadow -pipe -ffast-math -std=gnu99 -fomit-frame-pointer -O3  conftest.c >&5
conftest.c:31:1: warning: function declaration isn't a prototype [-Wstrict-prototypes]
configure:6929: $? = 0
configure:6932: ar cru libconftest.a @conftest.lst >&5
configure:6935: $? = 0
configure:6940: ar cru libconftest.a @conftest.lst >&5
ar: conftest.o: No such file or directory
configure:6943: $? = 1
configure:6955: result: @
configure:7013: checking for strip
configure:7029: found /usr/bin/strip
configure:7040: result: strip
configure:7112: checking for ranlib
configure:7128: found /usr/bin/ranlib
configure:7139: result: ranlib
configure:7241: checking command to parse /usr/bin/nm -B output from gcc object
configure:7361: gcc -c -Wall -Wextra -Wfloat-equal -Wpointer-arith -Wcast-align -Wstrict-prototypes -Wredundant-decls -Wendif-labels -Wshadow -pipe -ffast-math -std=gnu99 -fomit-frame-pointer -O3  conftest.c >&5
conftest.c:10:5: warning: function declaration isn't a prototype [-Wstrict-prototypes]
configure:7364: $? = 0
configure:7368: /usr/bin/nm -B conftest.o \| sed -n -e 's/^.*[ ]\([ABCDGIRSTW][ABCDGIRSTW]*\)[ ][ ]*\([_A-Za-z][_A-Za-z0-9]*\)$/\1 \2 \2/p' | sed '/ __gnu_lto/d' \> conftest.nm
configure:7371: $? = 0
configure:7437: gcc -o conftest -Wall -Wextra -Wfloat-equal -Wpointer-arith -Wcast-align -Wstrict-prototypes -Wredundant-decls -Wendif-labels -Wshadow -pipe -ffast-math -std=gnu99 -fomit-frame-pointer -O3   conftest.c conftstm.o >&5
conftest.c:18:1: warning: function declaration isn't a prototype [-Wstrict-prototypes]
configure:7440: $? = 0
configure:7478: result: ok
configure:7515: checking for sysroot
configure:7545: result: no
configure:7801: checking for mt
configure:7817: found /bin/mt
configure:7828: result: mt
configure:7851: checking if mt is a manifest tool
configure:7857: mt '-?'
configure:7865: result: no
configure:8504: checking for dlfcn.h
configure:8504: gcc -c -Wall -Wextra -Wfloat-equal -Wpointer-arith -Wcast-align -Wstrict-prototypes -Wredundant-decls -Wendif-labels -Wshadow -pipe -ffast-math -std=gnu99 -fomit-frame-pointer -O3  conftest.c >&5
configure:8504: $? = 0
configure:8504: result: yes
configure:8721: checking for objdir
configure:8736: result: .libs
configure:9007: checking if gcc supports -fno-rtti -fno-exceptions
configure:9025: gcc -c -Wall -Wextra -Wfloat-equal -Wpointer-arith -Wcast-align -Wstrict-prototypes -Wredundant-decls -Wendif-labels -Wshadow -pipe -ffast-math -std=gnu99 -fomit-frame-pointer -O3  -fno-rtti -fno-exceptions conftest.c >&5
cc1: warning: command line option '-fno-rtti' is valid for C++/ObjC++ but not for C [enabled by default]
configure:9029: $? = 0
configure:9042: result: no
configure:9369: checking for gcc option to produce PIC
configure:9376: result: -fPIC -DPIC
configure:9384: checking if gcc PIC flag -fPIC -DPIC works
configure:9402: gcc -c -Wall -Wextra -Wfloat-equal -Wpointer-arith -Wcast-align -Wstrict-prototypes -Wredundant-decls -Wendif-labels -Wshadow -pipe -ffast-math -std=gnu99 -fomit-frame-pointer -O3  -fPIC -DPIC -DPIC conftest.c >&5
configure:9406: $? = 0
configure:9419: result: yes
configure:9448: checking if gcc static flag -static works
conftest.c:1:5: warning: function declaration isn't a prototype [-Wstrict-prototypes]
configure:9476: result: yes
configure:9491: checking if gcc supports -c -o file.o
configure:9512: gcc -c -Wall -Wextra -Wfloat-equal -Wpointer-arith -Wcast-align -Wstrict-prototypes -Wredundant-decls -Wendif-labels -Wshadow -pipe -ffast-math -std=gnu99 -fomit-frame-pointer -O3  -o out/conftest2.o conftest.c >&5
configure:9516: $? = 0
configure:9538: result: yes
configure:9546: checking if gcc supports -c -o file.o
configure:9593: result: yes
configure:9626: checking whether the gcc linker (/usr/bin/ld) supports shared libraries
configure:10783: result: yes
configure:10820: checking whether -lc should be explicitly linked in
configure:10828: gcc -c -Wall -Wextra -Wfloat-equal -Wpointer-arith -Wcast-align -Wstrict-prototypes -Wredundant-decls -Wendif-labels -Wshadow -pipe -ffast-math -std=gnu99 -fomit-frame-pointer -O3  conftest.c >&5
configure:10831: $? = 0
configure:10846: gcc -shared  -fPIC -DPIC conftest.o  -v -Wl,-soname -Wl,conftest -o conftest 2\>\&1 \| /bin/grep  -lc  \>/dev/null 2\>\&1
configure:10849: $? = 0
configure:10863: result: no
configure:11023: checking dynamic linker characteristics
configure:11534: gcc -o conftest -Wall -Wextra -Wfloat-equal -Wpointer-arith -Wcast-align -Wstrict-prototypes -Wredundant-decls -Wendif-labels -Wshadow -pipe -ffast-math -std=gnu99 -fomit-frame-pointer -O3   -Wl,-rpath -Wl,/foo conftest.c -lcrypto -lpbc -lgmp  >&5
conftest.c:33:1: warning: function declaration isn't a prototype [-Wstrict-prototypes]
configure:11534: $? = 0
configure:11768: result: GNU/Linux ld.so
configure:11875: checking how to hardcode library paths into programs
configure:11900: result: immediate
configure:12440: checking whether stripping libraries is possible
configure:12445: result: yes
configure:12480: checking if libtool supports shared libraries
configure:12482: result: yes
configure:12485: checking whether to build shared libraries
configure:12506: result: yes
configure:12509: checking whether to build static libraries
configure:12513: result: yes
configure:12536: checking how to run the C++ preprocessor
configure:12563: g++ -E  conftest.cpp
configure:12563: $? = 0
configure:12577: g++ -E  conftest.cpp
conftest.cpp:31:28: fatal error: ac_nonexistent.h: No such file or directory
compilation terminated.
configure:12577: $? = 1
configure: failed program was:
| /* confdefs.h */
| #define PACKAGE_NAME "xsgs"
| #define PACKAGE_TARNAME "xsgs"
| #define PACKAGE_VERSION "7.0"
| #define PACKAGE_STRING "xsgs 7.0"
| #define PACKAGE_BUGREPORT "martin.goll@rub.de"
| #define PACKAGE_URL ""
| #define STDC_HEADERS 1
| #define HAVE_SYS_TYPES_H 1
| #define HAVE_SYS_STAT_H 1
| #define HAVE_STDLIB_H 1
| #define HAVE_STRING_H 1
| #define HAVE_MEMORY_H 1
| #define HAVE_STRINGS_H 1
| #define HAVE_INTTYPES_H 1
| #define HAVE_STDINT_H 1
| #define HAVE_UNISTD_H 1
| #define HAVE_LIBGMP 1
| #define HAVE_LIBPBC 1
| #define HAVE_LIBCRYPTO 1
| #define HAVE_GETHOSTBYNAME 1
| #define HAVE_MEMSET 1
| #define HAVE_SOCKET 1
| #define HAVE_STRERROR 1
| #define HAVE_MALLOC 1
| #define PACKAGE "xsgs"
| #define VERSION "7.0"
| #define HAVE_DLFCN_H 1
| #define LT_OBJDIR ".libs/"
| /* end confdefs.h.  */
| #include <ac_nonexistent.h>
configure:12602: result: g++ -E
configure:12622: g++ -E  conftest.cpp
configure:12622: $? = 0
configure:12636: g++ -E  conftest.cpp
conftest.cpp:31:28: fatal error: ac_nonexistent.h: No such file or directory
compilation terminated.
configure:12636: $? = 1
configure: failed program was:
| /* confdefs.h */
| #define PACKAGE_NAME "xsgs"
| #define PACKAGE_TARNAME "xsgs"
| #define PACKAGE_VERSION "7.0"
| #define PACKAGE_STRING "xsgs 7.0"
| #define PACKAGE_BUGREPORT "martin.goll@rub.de"
| #define PACKAGE_URL ""
| #define STDC_HEADERS 1
| #define HAVE_SYS_TYPES_H 1
| #define HAVE_SYS_STAT_H 1
| #define HAVE_STDLIB_H 1
| #define HAVE_STRING_H 1
| #define HAVE_MEMORY_H 1
| #define HAVE_STRINGS_H 1
| #define HAVE_INTTYPES_H 1
| #define HAVE_STDINT_H 1
| #define HAVE_UNISTD_H 1
| #define HAVE_LIBGMP 1
| #define HAVE_LIBPBC 1
| #define HAVE_LIBCRYPTO 1
| #define HAVE_GETHOSTBYNAME 1
| #define HAVE_MEMSET 1
| #define HAVE_SOCKET 1
| #define HAVE_STRERROR 1
| #define HAVE_MALLOC 1
| #define PACKAGE "xsgs"
| #define VERSION "7.0"
| #define HAVE_DLFCN_H 1
| #define LT_OBJDIR ".libs/"
| /* end confdefs.h.  */
| #include <ac_nonexistent.h>
configure:12805: checking for ld used by g++
configure:12872: result: /usr/bin/ld
configure:12879: checking if the linker (/usr/bin/ld) is GNU ld
configure:12894: result: yes
configure:12949: checking whether the g++ linker (/usr/bin/ld) supports shared libraries
configure:13954: result: yes
configure:13990: g++ -c -g -O2  conftest.cpp >&5
configure:13993: $? = 0
configure:14513: checking for g++ option to produce PIC
configure:14520: result: -fPIC -DPIC
configure:14528: checking if g++ PIC flag -fPIC -DPIC works
configure:14546: g++ -c -g -O2  -fPIC -DPIC -DPIC conftest.cpp >&5
configure:14550: $? = 0
configure:14563: result: yes
configure:14586: checking if g++ static flag -static works
configure:14614: result: yes
configure:14626: checking if g++ supports -c -o file.o
configure:14647: g++ -c -g -O2  -o out/conftest2.o conftest.cpp >&5
configure:14651: $? = 0
configure:14673: result: yes
configure:14678: checking if g++ supports -c -o file.o
configure:14725: result: yes
configure:14755: checking whether the g++ linker (/usr/bin/ld) supports shared libraries
configure:14794: result: yes
configure:14935: checking dynamic linker characteristics
configure:15614: result: GNU/Linux ld.so
configure:15667: checking how to hardcode library paths into programs
configure:15692: result: immediate
configure:15980: creating ./config.status

## ---------------------- ##
## Running config.status. ##
## ---------------------- ##

This file was extended by xsgs config.status 7.0, which was
generated by GNU Autoconf 2.68.  Invocation command line was

  CONFIG_FILES    = 
  CONFIG_HEADERS  = 
  CONFIG_LINKS    = 
  CONFIG_COMMANDS = 
  $ ./config.status 

on office

config.status:1096: creating Makefile
config.status:1096: creating libxsgs/Makefile
config.status:1096: creating include/Makefile
config.status:1096: creating test/Makefile
config.status:1096: creating evaluation/Makefile
config.status:1096: creating sample/Makefile
config.status:1096: creating demo/Makefile
config.status:1268: executing depfiles commands
config.status:1268: executing libtool commands

## ---------------- ##
## Cache variables. ##
## ---------------- ##

ac_cv_build=i686-pc-linux-gnu
ac_cv_c_compiler_gnu=yes
ac_cv_cxx_compiler_gnu=yes
ac_cv_env_CCASFLAGS_set=
ac_cv_env_CCASFLAGS_value=
ac_cv_env_CCAS_set=
ac_cv_env_CCAS_value=
ac_cv_env_CCC_set=
ac_cv_env_CCC_value=
ac_cv_env_CC_set=
ac_cv_env_CC_value=
ac_cv_env_CFLAGS_set=
ac_cv_env_CFLAGS_value=
ac_cv_env_CPPFLAGS_set=
ac_cv_env_CPPFLAGS_value=
ac_cv_env_CPP_set=
ac_cv_env_CPP_value=
ac_cv_env_CXXCPP_set=
ac_cv_env_CXXCPP_value=
ac_cv_env_CXXFLAGS_set=
ac_cv_env_CXXFLAGS_value=
ac_cv_env_CXX_set=
ac_cv_env_CXX_value=
ac_cv_env_LDFLAGS_set=
ac_cv_env_LDFLAGS_value=
ac_cv_env_LIBS_set=
ac_cv_env_LIBS_value=
ac_cv_env_build_alias_set=
ac_cv_env_build_alias_value=
ac_cv_env_host_alias_set=
ac_cv_env_host_alias_value=
ac_cv_env_target_alias_set=
ac_cv_env_target_alias_value=
ac_cv_func_gethostbyname=yes
ac_cv_func_malloc=yes
ac_cv_func_memset=yes
ac_cv_func_socket=yes
ac_cv_func_strerror=yes
ac_cv_header_dlfcn_h=yes
ac_cv_header_gmp_h=yes
ac_cv_header_inttypes_h=yes
ac_cv_header_memory_h=yes
ac_cv_header_openssl_rsa_h=yes
ac_cv_header_pbc_pbc_h=yes
ac_cv_header_stdc=yes
ac_cv_header_stdint_h=yes
ac_cv_header_stdlib_h=yes
ac_cv_header_string_h=yes
ac_cv_header_strings_h=yes
ac_cv_header_sys_stat_h=yes
ac_cv_header_sys_types_h=yes
ac_cv_header_unistd_h=yes
ac_cv_host=i686-pc-linux-gnu
ac_cv_lib_crypto_OPENSSL_init=yes
ac_cv_lib_gmp___gmpz_init=yes
ac_cv_lib_pbc_pbc_info=yes
ac_cv_objext=o
ac_cv_path_EGREP='/bin/grep -E'
ac_cv_path_FGREP='/bin/grep -F'
ac_cv_path_GREP=/bin/grep
ac_cv_path_SED=/bin/sed
ac_cv_path_install='/usr/bin/install -c'
ac_cv_path_mkdir=/bin/mkdir
ac_cv_prog_AWK=mawk
ac_cv_prog_CPP='gcc -E'
ac_cv_prog_CXXCPP='g++ -E'
ac_cv_prog_ac_ct_AR=ar
ac_cv_prog_ac_ct_CC=gcc
ac_cv_prog_ac_ct_CXX=g++
ac_cv_prog_ac_ct_MANIFEST_TOOL=mt
ac_cv_prog_ac_ct_OBJDUMP=objdump
ac_cv_prog_ac_ct_RANLIB=ranlib
ac_cv_prog_ac_ct_STRIP=strip
ac_cv_prog_cc_c89=
ac_cv_prog_cc_g=yes
ac_cv_prog_cc_gcc_c_o=yes
ac_cv_prog_cxx_g=yes
ac_cv_prog_make_make_set=yes
ac_cv_target=i686-pc-linux-gnu
ac_cv_type_size_t=yes
am_cv_CCAS_dependencies_compiler_type=gcc3
am_cv_CC_dependencies_compiler_type=gcc3
am_cv_CXX_dependencies_compiler_type=gcc3
lt_cv_ar_at_file=@
lt_cv_archive_cmds_need_lc=no
lt_cv_deplibs_check_method=pass_all
lt_cv_file_magic_cmd='$MAGIC_CMD'
lt_cv_file_magic_test_file=
lt_cv_ld_reload_flag=-r
lt_cv_nm_interface='BSD nm'
lt_cv_objdir=.libs
lt_cv_path_LD=/usr/bin/ld
lt_cv_path_LDCXX=/usr/bin/ld
lt_cv_path_NM='/usr/bin/nm -B'
lt_cv_path_mainfest_tool=no
lt_cv_prog_compiler_c_o=yes
lt_cv_prog_compiler_c_o_CXX=yes
lt_cv_prog_compiler_pic='-fPIC -DPIC'
lt_cv_prog_compiler_pic_CXX='-fPIC -DPIC'
lt_cv_prog_compiler_pic_works=yes
lt_cv_prog_compiler_pic_works_CXX=yes
lt_cv_prog_compiler_rtti_exceptions=no
lt_cv_prog_compiler_static_works=yes
lt_cv_prog_compiler_static_works_CXX=yes
lt_cv_prog_gnu_ld=yes
lt_cv_prog_gnu_ldcxx=yes
lt_cv_sharedlib_from_linklib_cmd='printf %s\n'
lt_cv_shlibpath_overrides_runpath=no
lt_cv_sys_global_symbol_pipe='sed -n -e '\''s/^.*[	 ]\([ABCDGIRSTW][ABCDGIRSTW]*\)[	 ][	 ]*\([_A-Za-z][_A-Za-z0-9]*\)$/\1 \2 \2/p'\'' | sed '\''/ __gnu_lto/d'\'''
lt_cv_sys_global_symbol_to_c_name_address='sed -n -e '\''s/^: \([^ ]*\)[ ]*$/  {\"\1\", (void *) 0},/p'\'' -e '\''s/^[ABCDGIRSTW]* \([^ ]*\) \([^ ]*\)$/  {"\2", (void *) \&\2},/p'\'''
lt_cv_sys_global_symbol_to_c_name_address_lib_prefix='sed -n -e '\''s/^: \([^ ]*\)[ ]*$/  {\"\1\", (void *) 0},/p'\'' -e '\''s/^[ABCDGIRSTW]* \([^ ]*\) \(lib[^ ]*\)$/  {"\2", (void *) \&\2},/p'\'' -e '\''s/^[ABCDGIRSTW]* \([^ ]*\) \([^ ]*\)$/  {"lib\2", (void *) \&\2},/p'\'''
lt_cv_sys_global_symbol_to_cdecl='sed -n -e '\''s/^T .* \(.*\)$/extern int \1();/p'\'' -e '\''s/^[ABCDGIRSTW]* .* \(.*\)$/extern char \1;/p'\'''
lt_cv_sys_max_cmd_len=1572864
lt_cv_to_host_file_cmd=func_convert_file_noop
lt_cv_to_tool_file_cmd=func_convert_file_noop

## ----------------- ##
## Output variables. ##
## ----------------- ##

ACLOCAL='${SHELL} /home/lit/Work/Projekte/secmobil/SecMobil/code/src_XSGS/xsgs_library/missing --run aclocal-1.11'
AMDEPBACKSLASH='\'
AMDEP_FALSE='#'
AMDEP_TRUE=''
AMTAR='$${TAR-tar}'
AR='ar'
ARCH_ARM_FALSE=''
ARCH_ARM_TRUE='#'
ARCH_X64_FALSE=''
ARCH_X64_TRUE='#'
ARCH_X86_FALSE='#'
ARCH_X86_TRUE=''
AUTOCONF='${SHELL} /home/lit/Work/Projekte/secmobil/SecMobil/code/src_XSGS/xsgs_library/missing --run autoconf'
AUTOHEADER='${SHELL} /home/lit/Work/Projekte/secmobil/SecMobil/code/src_XSGS/xsgs_library/missing --run autoheader'
AUTOMAKE='${SHELL} /home/lit/Work/Projekte/secmobil/SecMobil/code/src_XSGS/xsgs_library/missing --run automake-1.11'
AWK='mawk'
CC='gcc'
CCAS='gcc'
CCASDEPMODE='depmode=gcc3'
CCASFLAGS='-g -O2'
CCDEPMODE='depmode=gcc3'
CFLAGS='-Wall -Wextra -Wfloat-equal -Wpointer-arith -Wcast-align -Wstrict-prototypes -Wredundant-decls -Wendif-labels -Wshadow -pipe -ffast-math -std=gnu99 -fomit-frame-pointer -O3'
CPP='gcc -E'
CPPFLAGS=''
CXX='g++'
CXXCPP='g++ -E'
CXXDEPMODE='depmode=gcc3'
CXXFLAGS='-g -O2'
CYGPATH_W='echo'
DEFS='-DPACKAGE_NAME=\"xsgs\" -DPACKAGE_TARNAME=\"xsgs\" -DPACKAGE_VERSION=\"7.0\" -DPACKAGE_STRING=\"xsgs\ 7.0\" -DPACKAGE_BUGREPORT=\"martin.goll@rub.de\" -DPACKAGE_URL=\"\" -DSTDC_HEADERS=1 -DHAVE_SYS_TYPES_H=1 -DHAVE_SYS_STAT_H=1 -DHAVE_STDLIB_H=1 -DHAVE_STRING_H=1 -DHAVE_MEMORY_H=1 -DHAVE_STRINGS_H=1 -DHAVE_INTTYPES_H=1 -DHAVE_STDINT_H=1 -DHAVE_UNISTD_H=1 -DHAVE_LIBGMP=1 -DHAVE_LIBPBC=1 -DHAVE_LIBCRYPTO=1 -DHAVE_GETHOSTBYNAME=1 -DHAVE_MEMSET=1 -DHAVE_SOCKET=1 -DHAVE_STRERROR=1 -DHAVE_MALLOC=1 -DPACKAGE=\"xsgs\" -DVERSION=\"7.0\" -DHAVE_DLFCN_H=1 -DLT_OBJDIR=\".libs/\"'
DEPDIR='.deps'
DLLTOOL='false'
DSYMUTIL=''
DUMPBIN=''
ECHO_C=''
ECHO_N='-n'
ECHO_T=''
EGREP='/bin/grep -E'
EXEEXT=''
FGREP='/bin/grep -F'
GREP='/bin/grep'
INSTALL_DATA='${INSTALL} -m 644'
INSTALL_PROGRAM='${INSTALL}'
INSTALL_SCRIPT='${INSTALL}'
INSTALL_STRIP_PROGRAM='$(install_sh) -c -s'
LD='/usr/bin/ld'
LDFLAGS=''
LIBOBJS=''
LIBS='-lcrypto -lpbc -lgmp '
LIBTOOL='$(SHELL) $(top_builddir)/libtool'
LIPO=''
LN_S='ln -s'
LTLIBOBJS=''
MAKEINFO='${SHELL} /home/lit/Work/Projekte/secmobil/SecMobil/code/src_XSGS/xsgs_library/missing --run makeinfo'
MANIFEST_TOOL=':'
MKDIR_P='/bin/mkdir -p'
NM='/usr/bin/nm -B'
NMEDIT=''
OBJDUMP='objdump'
OBJEXT='o'
OTOOL64=''
OTOOL=''
PACKAGE='xsgs'
PACKAGE_BUGREPORT='martin.goll@rub.de'
PACKAGE_NAME='xsgs'
PACKAGE_STRING='xsgs 7.0'
PACKAGE_TARNAME='xsgs'
PACKAGE_URL=''
PACKAGE_VERSION='7.0'
PATH_SEPARATOR=':'
RANLIB='ranlib'
SED='/bin/sed'
SET_MAKE=''
SHELL='/bin/bash'
STRIP='strip'
VERSION='7.0'
ac_ct_AR='ar'
ac_ct_CC='gcc'
ac_ct_CXX='g++'
ac_ct_DUMPBIN=''
am__EXEEXT_FALSE=''
am__EXEEXT_TRUE='#'
am__fastdepCCAS_FALSE='#'
am__fastdepCCAS_TRUE=''
am__fastdepCC_FALSE='#'
am__fastdepCC_TRUE=''
am__fastdepCXX_FALSE='#'
am__fastdepCXX_TRUE=''
am__include='include'
am__isrc=''
am__leading_dot='.'
am__nodep='_no'
am__quote=''
am__tar='$${TAR-tar} chof - "$$tardir"'
am__untar='$${TAR-tar} xf -'
bindir='${exec_prefix}/bin'
build='i686-pc-linux-gnu'
build_alias=''
build_cpu='i686'
build_os='linux-gnu'
build_vendor='pc'
datadir='${datarootdir}'
datarootdir='${prefix}/share'
docdir='${datarootdir}/doc/${PACKAGE_TARNAME}'
dvidir='${docdir}'
exec_prefix='${prefix}'
host='i686-pc-linux-gnu'
host_alias=''
host_cpu='i686'
host_os='linux-gnu'
host_vendor='pc'
htmldir='${docdir}'
includedir='${prefix}/include'
infodir='${datarootdir}/info'
install_sh='${SHELL} /home/lit/Work/Projekte/secmobil/SecMobil/code/src_XSGS/xsgs_library/install-sh'
libdir='${exec_prefix}/lib'
libexecdir='${exec_prefix}/libexec'
localedir='${datarootdir}/locale'
localstatedir='${prefix}/var'
mandir='${datarootdir}/man'
mkdir_p='/bin/mkdir -p'
oldincludedir='/usr/include'
pdfdir='${docdir}'
prefix='/usr/local'
program_transform_name='s,x,x,'
psdir='${docdir}'
sbindir='${exec_prefix}/sbin'
sharedstatedir='${prefix}/com'
sysconfdir='${prefix}/etc'
target='i686-pc-linux-gnu'
target_alias=''
target_cpu='i686'
target_os='linux-gnu'
target_vendor='pc'

## ----------- ##
## confdefs.h. ##
## ----------- ##

/* confdefs.h */
#define PACKAGE_NAME "xsgs"
#define PACKAGE_TARNAME "xsgs"
#define PACKAGE_VERSION "7.0"
#define PACKAGE_STRING "xsgs 7.0"
#define PACKAGE_BUGREPORT "martin.goll@rub.de"
#define PACKAGE_URL ""
#define STDC_HEADERS 1
#define HAVE_SYS_TYPES_H 1
#define HAVE_SYS_STAT_H 1
#define HAVE_STDLIB_H 1
#define HAVE_STRING_H 1
#define HAVE_MEMORY_H 1
#define HAVE_STRINGS_H 1
#define HAVE_INTTYPES_H 1
#define HAVE_STDINT_H 1
#define HAVE_UNISTD_H 1
#define HAVE_LIBGMP 1
#define HAVE_LIBPBC 1
#define HAVE_LIBCRYPTO 1
#define HAVE_GETHOSTBYNAME 1
#define HAVE_MEMSET 1
#define HAVE_SOCKET 1
#define HAVE_STRERROR 1
#define HAVE_MALLOC 1
#define PACKAGE "xsgs"
#define VERSION "7.0"
#define HAVE_DLFCN_H 1
#define LT_OBJDIR ".libs/"

configure: exit 0
